<?xml version="1.0" encoding="UTF-8"?>
<!-- Generated by org.testng.reporters.JUnitReportReporter -->
<testsuite hostname="sarang" failures="0" tests="1" name="TestCase.TestCaseVTiger" time="4.878" errors="0" timestamp="2024-08-01T11:33:45 IST" skipped="0">
  <testcase classname="TestCase.TestCaseVTiger" name="logins" time="4.878"/>
</testsuite> <!-- TestCase.TestCaseVTiger -->
